<?xml version="1.0" encoding="UTF-8"?>
<!-- Generated by org.testng.reporters.JUnitReportReporter -->
<testsuite skipped="0" hostname="LTPBAN252298788" name="TestNGPackage.DataDriven" tests="1" failures="0" timestamp="28 Dec 2018 10:47:08 GMT" time="0.013" errors="0">
  <testcase name="Login" time="0.013" classname="TestNGPackage.DataDriven"/>
</testsuite> <!-- TestNGPackage.DataDriven -->
