<?xml version="1.0" encoding="UTF-8"?>
<!-- Generated by org.testng.reporters.JUnitReportReporter -->
<testsuite skipped="0" hostname="LTPBAN252298788" name="TestNGPackage.PersonalLoan" tests="3" failures="0" timestamp="26 Dec 2018 08:46:49 GMT" time="0.005" errors="0">
  <testcase name="PersonalLoanWeb" time="0.001" classname="TestNGPackage.PersonalLoan"/>
  <testcase name="PersonalLoanMobile" time="0.001" classname="TestNGPackage.PersonalLoan"/>
  <testcase name="PersonalLoanAPI" time="0.003" classname="TestNGPackage.PersonalLoan"/>
</testsuite> <!-- TestNGPackage.PersonalLoan -->
