<?xml version="1.0" encoding="UTF-8"?>
<!-- Generated by org.testng.reporters.JUnitReportReporter -->
<testsuite skipped="0" hostname="LTPBAN252298788" name="TestNGPackage.Day1" tests="2" failures="0" timestamp="26 Dec 2018 05:13:46 GMT" time="0.016" errors="0">
  <testcase name="Testcase2" time="0.000" classname="TestNGPackage.Day1"/>
  <testcase name="Testcase1" time="0.016" classname="TestNGPackage.Day1"/>
</testsuite> <!-- TestNGPackage.Day1 -->
