<?xml version="1.0" encoding="UTF-8"?>
<!-- Generated by org.testng.reporters.JUnitReportReporter -->
<testsuite skipped="0" hostname="LTPBAN252298788" name="TestNGPackage.Annotations" tests="1" failures="0" timestamp="28 Dec 2018 11:19:21 GMT" time="0.000" errors="0">
  <testcase name="PersonalLoanAPI" time="0.000" classname="TestNGPackage.Annotations"/>
</testsuite> <!-- TestNGPackage.Annotations -->
