<?xml version="1.0" encoding="UTF-8"?>
<!-- Generated by org.testng.reporters.JUnitReportReporter -->
<testsuite skipped="0" hostname="LTPBAN252298788" name="TestNGPackage.DataProviderAttribute" tests="3" failures="0" timestamp="13 Mar 2019 09:00:41 GMT" time="0.024" errors="0">
  <testcase name="Testcase1" time="0.015" classname="TestNGPackage.DataProviderAttribute"/>
  <testcase name="Testcase1" time="0.007" classname="TestNGPackage.DataProviderAttribute"/>
  <testcase name="Testcase1" time="0.002" classname="TestNGPackage.DataProviderAttribute"/>
</testsuite> <!-- TestNGPackage.DataProviderAttribute -->
