<?xml version="1.0" encoding="UTF-8"?>
<!-- Generated by org.testng.reporters.JUnitReportReporter -->
<testsuite skipped="0" hostname="LTPBAN252298788" name="TestNGPackage.CarLoan" tests="3" failures="0" timestamp="28 Dec 2018 11:19:21 GMT" time="0.016" errors="0">
  <testcase name="CarLoanAPI" time="0.000" classname="TestNGPackage.CarLoan"/>
  <testcase name="Login" time="0.000" classname="TestNGPackage.CarLoan"/>
  <testcase name="CarLoanWeb" time="0.016" classname="TestNGPackage.CarLoan"/>
</testsuite> <!-- TestNGPackage.CarLoan -->
