<?xml version="1.0" encoding="UTF-8"?>
<!-- Generated by org.testng.reporters.JUnitReportReporter -->
<testsuite skipped="1" hostname="LTPBAN252298788" name="TestNGPackage.TestNGHelperAttributes136" tests="4" failures="0" timestamp="27 Dec 2018 06:31:59 GMT" time="0.020" errors="0">
  <testcase name="BTestcase3" time="0.001" classname="TestNGPackage.TestNGHelperAttributes136"/>
  <testcase name="Testcase2" time="0.018" classname="TestNGPackage.TestNGHelperAttributes136"/>
  <testcase name="ATestcase4" time="0.001" classname="TestNGPackage.TestNGHelperAttributes136"/>
  <testcase name="Testcase1" classname="TestNGPackage.TestNGHelperAttributes136">
    <skipped/>
  </testcase> <!-- Testcase1 -->
</testsuite> <!-- TestNGPackage.TestNGHelperAttributes136 -->
